<?xml version="1.0" encoding="UTF-8"?>
<!-- Generated by org.testng.reporters.JUnitReportReporter -->
<testsuite hostname="CAESAR" failures="0" tests="1" name="main.CoociesDemo" time="2.367" errors="0" timestamp="2023-02-24T12:43:32 GET" skipped="0">
  <testcase classname="main.CoociesDemo" name="getCookiesInfo" time="2.367"/>
  <system-out/>
</testsuite> <!-- main.CoociesDemo -->
