<?xml version="1.0" encoding="UTF-8"?>
<!-- Generated by org.testng.reporters.JUnitReportReporter -->
<testsuite hostname="CAESAR" failures="0" tests="2" name="main.PostRequestMethods" time="1.929" errors="0" timestamp="2023-02-24T11:09:28 GET" skipped="0">
  <testcase classname="main.PostRequestMethods" name="createUser4" time="1.890"/>
  <system-out/>
  <testcase classname="main.PostRequestMethods" name="deleteUser4" time="0.039"/>
  <system-out/>
</testsuite> <!-- main.PostRequestMethods -->
