<?xml version="1.0" encoding="UTF-8"?>
<!-- Generated by org.testng.reporters.JUnitReportReporter -->
<testsuite hostname="CAESAR" failures="0" tests="3" name="testNGWebElements.WebTest" time="2.951" errors="0" timestamp="2023-03-01T21:23:00 GET" skipped="0">
  <testcase classname="testNGWebElements.WebTest" name="logoTest" time="0.059"/>
  <system-out/>
  <testcase classname="testNGWebElements.WebTest" name="titleTest" time="0.009"/>
  <system-out/>
  <testcase classname="testNGWebElements.WebTest" name="loginTest" time="2.883"/>
  <system-out/>
</testsuite> <!-- testNGWebElements.WebTest -->
