<?xml version="1.0" encoding="UTF-8"?>
<!-- Generated by org.testng.reporters.JUnitReportReporter -->
<testsuite hostname="CAESAR" failures="0" tests="1" name="main.FileUpload_Download" time="1.286" errors="0" timestamp="2023-02-25T12:26:00 GET" skipped="0">
  <testcase classname="main.FileUpload_Download" name="singleFileDownload" time="1.286"/>
  <system-out/>
</testsuite> <!-- main.FileUpload_Download -->
