<?xml version="1.0" encoding="UTF-8"?>
<!-- Generated by org.testng.reporters.JUnitReportReporter -->
<testsuite hostname="CAESAR" failures="0" tests="1" name="main.XmlResponseParsing" time="2.167" errors="0" timestamp="2023-02-25T11:46:25 GET" skipped="0">
  <testcase classname="main.XmlResponseParsing" name="xmlTestmethod3" time="2.167"/>
  <system-out/>
</testsuite> <!-- main.XmlResponseParsing -->
