<?xml version="1.0" encoding="UTF-8"?>
<!-- Generated by org.testng.reporters.JUnitReportReporter -->
<testsuite hostname="CAESAR" failures="0" tests="1" name="main.ChainingCreateUser" time="4.915" errors="0" timestamp="2023-02-26T12:52:54 GET" skipped="0">
  <testcase classname="main.ChainingCreateUser" name="createUser" time="4.915"/>
  <system-out/>
</testsuite> <!-- main.ChainingCreateUser -->
