<?xml version="1.0" encoding="UTF-8"?>
<!-- Generated by org.testng.reporters.JUnitReportReporter -->
<testsuite hostname="CAESAR" failures="0" tests="3" name="main.Authentications" time="8.480" errors="0" timestamp="2023-02-25T20:03:33 GET" skipped="0">
  <testcase classname="main.Authentications" name="basicAuthentication" time="5.930"/>
  <system-out/>
  <testcase classname="main.Authentications" name="digestAuthentication" time="1.575"/>
  <system-out/>
  <testcase classname="main.Authentications" name="preemptiveAuthentication" time="0.975"/>
  <system-out/>
</testsuite> <!-- main.Authentications -->
