<?xml version="1.0" encoding="UTF-8"?>
<!-- Generated by org.testng.reporters.JUnitReportReporter -->
<testsuite hostname="CAESAR" failures="0" tests="1" name="main.HeadersDemo" time="3.128" errors="0" timestamp="2023-02-24T13:10:06 GET" skipped="0">
  <testcase classname="main.HeadersDemo" name="loggong" time="3.128"/>
  <system-out/>
</testsuite> <!-- main.HeadersDemo -->
