<?xml version="1.0" encoding="UTF-8"?>
<!-- Generated by org.testng.reporters.JUnitReportReporter -->
<testsuite hostname="CAESAR" failures="0" tests="1" name="chain.copy.ChainingUpdateUser" time="0.923" errors="0" timestamp="2023-02-28T20:13:24 GET" skipped="0">
  <testcase classname="chain.copy.ChainingUpdateUser" name="updateUser" time="0.923"/>
  <system-out/>
</testsuite> <!-- chain.copy.ChainingUpdateUser -->
