<?xml version="1.0" encoding="UTF-8"?>
<!-- Generated by org.testng.reporters.JUnitReportReporter -->
<testsuite hostname="CAESAR" failures="0" tests="4" name="main.HTTPRequests" time="3.274" errors="0" timestamp="2023-02-23T21:34:50 GET" skipped="0">
  <testcase classname="main.HTTPRequests" name="getUsers" time="2.122"/>
  <system-out/>
  <testcase classname="main.HTTPRequests" name="createUser" time="0.597"/>
  <system-out/>
  <testcase classname="main.HTTPRequests" name="updateUser" time="0.315"/>
  <system-out/>
  <testcase classname="main.HTTPRequests" name="deleteUser" time="0.240"/>
  <system-out/>
</testsuite> <!-- main.HTTPRequests -->
