<?xml version="1.0" encoding="UTF-8"?>
<!-- Generated by org.testng.reporters.JUnitReportReporter -->
<testsuite hostname="CAESAR" failures="0" tests="1" name="main.Path_QueryParams" time="2.630" errors="0" timestamp="2023-02-24T11:54:01 GET" skipped="0">
  <testcase classname="main.Path_QueryParams" name="testQueryAndPathParams" time="2.630"/>
  <system-out/>
</testsuite> <!-- main.Path_QueryParams -->
