<?xml version="1.0" encoding="UTF-8"?>
<!-- Generated by org.testng.reporters.JUnitReportReporter -->
<testsuite hostname="CAESAR" failures="0" tests="1" name="main.SerializationDeserialization" time="0.211" errors="0" timestamp="2023-02-25T13:58:15 GET" skipped="0">
  <testcase classname="main.SerializationDeserialization" name="convertJsonToPojo" time="0.211"/>
  <system-out/>
</testsuite> <!-- main.SerializationDeserialization -->
