<?xml version="1.0" encoding="UTF-8"?>
<!-- Generated by org.testng.reporters.JUnitReportReporter -->
<testsuite hostname="CAESAR" failures="0" tests="1" name="chain.copy.ChainingCreateUser" time="5.782" errors="0" timestamp="2023-02-28T20:13:24 GET" skipped="0">
  <testcase classname="chain.copy.ChainingCreateUser" name="createUser" time="5.782"/>
  <system-out/>
</testsuite> <!-- chain.copy.ChainingCreateUser -->
