<?xml version="1.0" encoding="UTF-8"?>
<!-- Generated by org.testng.reporters.JUnitReportReporter -->
<testsuite hostname="CAESAR" failures="0" tests="1" name="main.JSONSchemaValidation" time="2.660" errors="0" timestamp="2023-02-25T12:54:05 GET" skipped="0">
  <testcase classname="main.JSONSchemaValidation" name="JsonSchemaValidation" time="2.660"/>
  <system-out/>
</testsuite> <!-- main.JSONSchemaValidation -->
